<?xml version="1.0" encoding="UTF-8"?>
<testsuite xmlns:xsi="http://www.w3.org/2001/XMLSchema-instance" xsi:noNamespaceSchemaLocation="https://maven.apache.org/surefire/maven-surefire-plugin/xsd/surefire-test-report.xsd" name="CourierLogInTest" time="61.022" tests="5" errors="0" skipped="0" failures="1">
  <properties>
[...]
</properties>
  <testcase name="logInCourierInvalidLoginExpected404Test" classname="CourierLogInTest" time="0.209"/>
  <testcase name="logInCourierNullPasswordExpected400Test" classname="CourierLogInTest" time="60.137">
    <failure message="expected:&lt;400&gt; but was:&lt;504&gt;" type="java.lang.AssertionError"><![CDATA[java.lang.AssertionError: expected:<400> but was:<504>
	at CourierLogInTest.logInCourierNullPasswordExpected400Test(CourierLogInTest.java:62)
]]></failure>
    <system-out><![CDATA[Request method:	POST
Request URI:	https://qa-scooter.praktikum-services.ru/api/v1/courier
Proxy:			<none>
Request params:	<none>
Query params:	<none>
Form params:	<none>
Path params:	<none>
Headers:		Accept=*/*
				Content-Type=application/json
Cookies:		<none>
Multiparts:		<none>
Body:
{
    "login": "20-10-2023 22:04:07",
    "password": "20-10-2023 22:04:07",
    "firstName": null
}
Request method:	POST
Request URI:	https://qa-scooter.praktikum-services.ru/api/v1/courier
Proxy:			<none>
Request params:	<none>
Query params:	<none>
Form params:	<none>
Path params:	<none>
Headers:		Accept=*/*
				Content-Type=application/json
Cookies:		<none>
Multiparts:		<none>
Body:
{
    "login": "20-10-2023 22:04:07",
    "password": "20-10-2023 22:04:07",
    "firstName": null
}
Request method:	POST
Request URI:	https://qa-scooter.praktikum-services.ru/api/v1/courier/login
Proxy:			<none>
Request params:	<none>
Query params:	<none>
Form params:	<none>
Path params:	<none>
Headers:		Accept=*/*
				Content-Type=application/json
Cookies:		<none>
Multiparts:		<none>
Body:
{
    "login": "20-10-2023 22:04:07",
    "password": null
}
Request method:	POST
Request URI:	https://qa-scooter.praktikum-services.ru/api/v1/courier/login
Proxy:			<none>
Request params:	<none>
Query params:	<none>
Form params:	<none>
Path params:	<none>
Headers:		Accept=*/*
				Content-Type=application/json
Cookies:		<none>
Multiparts:		<none>
Body:
{
    "login": "20-10-2023 22:04:07",
    "password": null
}
]]></system-out>
  </testcase>
  <testcase name="logInCourierNullLoginExpected400Test" classname="CourierLogInTest" time="0.304"/>
  <testcase name="logInCourierExpected200Test" classname="CourierLogInTest" time="0.222"/>
  <testcase name="logInCourierInvalidPasswordExpected404Test" classname="CourierLogInTest" time="0.145"/>
</testsuite>